<?xml version="1.0" encoding="UTF-8"?>
<!-- Generated by org.testng.reporters.JUnitXMLReporter -->
<testsuite ignored="0" hostname="Mohits-Air.Dlink" failures="0" tests="21" name="Selenium Take Home Test" time="12.467" errors="0" timestamp="22 Oct 2019 15:20:27 GMT">
  <testcase classname="com.vlocity.qe.WikipediaTest" name="sloganPresent" time="0.122"/>
  <testcase classname="com.vlocity.qe.WikipediaTest" name="testLanguage" time="0.077"/>
  <testcase classname="com.vlocity.qe.WikipediaTest" name="testLanguage" time="0.078"/>
  <testcase classname="com.vlocity.qe.WikipediaTest" name="testLanguage" time="0.069"/>
  <testcase classname="com.vlocity.qe.WikipediaTest" name="testLanguage" time="0.105"/>
  <testcase classname="com.vlocity.qe.WikipediaTest" name="testLanguage" time="0.06"/>
  <testcase classname="com.vlocity.qe.WikipediaTest" name="testLanguage" time="0.05"/>
  <testcase classname="com.vlocity.qe.WikipediaTest" name="testLanguage" time="0.053"/>
  <testcase classname="com.vlocity.qe.WikipediaTest" name="testLanguage" time="0.068"/>
  <testcase classname="com.vlocity.qe.WikipediaTest" name="testLanguage" time="0.073"/>
  <testcase classname="com.vlocity.qe.WikipediaTest" name="testLanguage" time="0.069"/>
  <testcase classname="com.vlocity.qe.WikipediaTest" name="testLinks" time="0.913"/>
  <testcase classname="com.vlocity.qe.WikipediaTest" name="testLinks" time="0.59"/>
  <testcase classname="com.vlocity.qe.WikipediaTest" name="testLinks" time="0.596"/>
  <testcase classname="com.vlocity.qe.WikipediaTest" name="testLinks" time="0.503"/>
  <testcase classname="com.vlocity.qe.WikipediaTest" name="testLinks" time="0.49"/>
  <testcase classname="com.vlocity.qe.WikipediaTest" name="testLinks" time="0.499"/>
  <testcase classname="com.vlocity.qe.WikipediaTest" name="testLinks" time="0.513"/>
  <testcase classname="com.vlocity.qe.WikipediaTest" name="testLinks" time="0.61"/>
  <testcase classname="com.vlocity.qe.WikipediaTest" name="testLinks" time="0.549"/>
  <testcase classname="com.vlocity.qe.WikipediaTest" name="testLinks" time="0.526"/>
</testsuite> <!-- Selenium Take Home Test -->
