<?xml version="1.0" encoding="UTF-8"?>
<testng-results ignored="0" total="21" passed="21" failed="0" skipped="0">
  <reporter-output>
  </reporter-output>
  <suite started-at="2019-10-22T15:20:15Z" name="Selenium Take Home Test" finished-at="2019-10-22T15:20:27Z" duration-ms="12467">
    <groups>
    </groups>
    <test started-at="2019-10-22T15:20:15Z" name="Selenium Take Home Test" finished-at="2019-10-22T15:20:27Z" duration-ms="12467">
      <class name="com.vlocity.qe.WikipediaTest">
        <test-method is-config="true" signature="setup()[pri:0, instance:com.vlocity.qe.WikipediaTest@32464a14]" started-at="2019-10-22T15:20:15Z" name="setup" finished-at="2019-10-22T15:20:20Z" duration-ms="5678" status="PASS">
          <reporter-output>
          </reporter-output>
        </test-method> <!-- setup -->
        <test-method signature="sloganPresent()[pri:0, instance:com.vlocity.qe.WikipediaTest@32464a14]" started-at="2019-10-22T15:20:20Z" name="sloganPresent" finished-at="2019-10-22T15:20:21Z" duration-ms="122" status="PASS">
          <reporter-output>
          </reporter-output>
        </test-method> <!-- sloganPresent -->
        <test-method signature="testLanguage(java.lang.String)[pri:0, instance:com.vlocity.qe.WikipediaTest@32464a14]" started-at="2019-10-22T15:20:21Z" name="testLanguage" data-provider="data-provider" finished-at="2019-10-22T15:20:21Z" duration-ms="77" status="PASS">
          <params>
            <param index="0">
              <value>
                <![CDATA[English]]>
              </value>
            </param>
          </params>
          <reporter-output>
          </reporter-output>
        </test-method> <!-- testLanguage -->
        <test-method signature="testLanguage(java.lang.String)[pri:0, instance:com.vlocity.qe.WikipediaTest@32464a14]" started-at="2019-10-22T15:20:21Z" name="testLanguage" data-provider="data-provider" finished-at="2019-10-22T15:20:21Z" duration-ms="78" status="PASS">
          <params>
            <param index="0">
              <value>
                <![CDATA[日本語]]>
              </value>
            </param>
          </params>
          <reporter-output>
          </reporter-output>
        </test-method> <!-- testLanguage -->
        <test-method signature="testLanguage(java.lang.String)[pri:0, instance:com.vlocity.qe.WikipediaTest@32464a14]" started-at="2019-10-22T15:20:21Z" name="testLanguage" data-provider="data-provider" finished-at="2019-10-22T15:20:21Z" duration-ms="69" status="PASS">
          <params>
            <param index="0">
              <value>
                <![CDATA[Русский]]>
              </value>
            </param>
          </params>
          <reporter-output>
          </reporter-output>
        </test-method> <!-- testLanguage -->
        <test-method signature="testLanguage(java.lang.String)[pri:0, instance:com.vlocity.qe.WikipediaTest@32464a14]" started-at="2019-10-22T15:20:21Z" name="testLanguage" data-provider="data-provider" finished-at="2019-10-22T15:20:21Z" duration-ms="105" status="PASS">
          <params>
            <param index="0">
              <value>
                <![CDATA[Italiano]]>
              </value>
            </param>
          </params>
          <reporter-output>
          </reporter-output>
        </test-method> <!-- testLanguage -->
        <test-method signature="testLanguage(java.lang.String)[pri:0, instance:com.vlocity.qe.WikipediaTest@32464a14]" started-at="2019-10-22T15:20:21Z" name="testLanguage" data-provider="data-provider" finished-at="2019-10-22T15:20:21Z" duration-ms="60" status="PASS">
          <params>
            <param index="0">
              <value>
                <![CDATA[Português]]>
              </value>
            </param>
          </params>
          <reporter-output>
          </reporter-output>
        </test-method> <!-- testLanguage -->
        <test-method signature="testLanguage(java.lang.String)[pri:0, instance:com.vlocity.qe.WikipediaTest@32464a14]" started-at="2019-10-22T15:20:21Z" name="testLanguage" data-provider="data-provider" finished-at="2019-10-22T15:20:21Z" duration-ms="50" status="PASS">
          <params>
            <param index="0">
              <value>
                <![CDATA[Polski]]>
              </value>
            </param>
          </params>
          <reporter-output>
          </reporter-output>
        </test-method> <!-- testLanguage -->
        <test-method signature="testLanguage(java.lang.String)[pri:0, instance:com.vlocity.qe.WikipediaTest@32464a14]" started-at="2019-10-22T15:20:21Z" name="testLanguage" data-provider="data-provider" finished-at="2019-10-22T15:20:21Z" duration-ms="53" status="PASS">
          <params>
            <param index="0">
              <value>
                <![CDATA[中文]]>
              </value>
            </param>
          </params>
          <reporter-output>
          </reporter-output>
        </test-method> <!-- testLanguage -->
        <test-method signature="testLanguage(java.lang.String)[pri:0, instance:com.vlocity.qe.WikipediaTest@32464a14]" started-at="2019-10-22T15:20:21Z" name="testLanguage" data-provider="data-provider" finished-at="2019-10-22T15:20:21Z" duration-ms="68" status="PASS">
          <params>
            <param index="0">
              <value>
                <![CDATA[Français]]>
              </value>
            </param>
          </params>
          <reporter-output>
          </reporter-output>
        </test-method> <!-- testLanguage -->
        <test-method signature="testLanguage(java.lang.String)[pri:0, instance:com.vlocity.qe.WikipediaTest@32464a14]" started-at="2019-10-22T15:20:21Z" name="testLanguage" data-provider="data-provider" finished-at="2019-10-22T15:20:21Z" duration-ms="73" status="PASS">
          <params>
            <param index="0">
              <value>
                <![CDATA[Deutsch]]>
              </value>
            </param>
          </params>
          <reporter-output>
          </reporter-output>
        </test-method> <!-- testLanguage -->
        <test-method signature="testLanguage(java.lang.String)[pri:0, instance:com.vlocity.qe.WikipediaTest@32464a14]" started-at="2019-10-22T15:20:21Z" name="testLanguage" data-provider="data-provider" finished-at="2019-10-22T15:20:21Z" duration-ms="69" status="PASS">
          <params>
            <param index="0">
              <value>
                <![CDATA[Español]]>
              </value>
            </param>
          </params>
          <reporter-output>
          </reporter-output>
        </test-method> <!-- testLanguage -->
        <test-method signature="testLinks(java.lang.String)[pri:0, instance:com.vlocity.qe.WikipediaTest@32464a14]" started-at="2019-10-22T15:20:21Z" name="testLinks" data-provider="data-provider" finished-at="2019-10-22T15:20:22Z" duration-ms="913" status="PASS">
          <params>
            <param index="0">
              <value>
                <![CDATA[English]]>
              </value>
            </param>
          </params>
          <reporter-output>
          </reporter-output>
        </test-method> <!-- testLinks -->
        <test-method signature="testLinks(java.lang.String)[pri:0, instance:com.vlocity.qe.WikipediaTest@32464a14]" started-at="2019-10-22T15:20:22Z" name="testLinks" data-provider="data-provider" finished-at="2019-10-22T15:20:23Z" duration-ms="590" status="PASS">
          <params>
            <param index="0">
              <value>
                <![CDATA[日本語]]>
              </value>
            </param>
          </params>
          <reporter-output>
          </reporter-output>
        </test-method> <!-- testLinks -->
        <test-method signature="testLinks(java.lang.String)[pri:0, instance:com.vlocity.qe.WikipediaTest@32464a14]" started-at="2019-10-22T15:20:23Z" name="testLinks" data-provider="data-provider" finished-at="2019-10-22T15:20:23Z" duration-ms="596" status="PASS">
          <params>
            <param index="0">
              <value>
                <![CDATA[Русский]]>
              </value>
            </param>
          </params>
          <reporter-output>
          </reporter-output>
        </test-method> <!-- testLinks -->
        <test-method signature="testLinks(java.lang.String)[pri:0, instance:com.vlocity.qe.WikipediaTest@32464a14]" started-at="2019-10-22T15:20:23Z" name="testLinks" data-provider="data-provider" finished-at="2019-10-22T15:20:24Z" duration-ms="503" status="PASS">
          <params>
            <param index="0">
              <value>
                <![CDATA[Italiano]]>
              </value>
            </param>
          </params>
          <reporter-output>
          </reporter-output>
        </test-method> <!-- testLinks -->
        <test-method signature="testLinks(java.lang.String)[pri:0, instance:com.vlocity.qe.WikipediaTest@32464a14]" started-at="2019-10-22T15:20:24Z" name="testLinks" data-provider="data-provider" finished-at="2019-10-22T15:20:24Z" duration-ms="490" status="PASS">
          <params>
            <param index="0">
              <value>
                <![CDATA[Português]]>
              </value>
            </param>
          </params>
          <reporter-output>
          </reporter-output>
        </test-method> <!-- testLinks -->
        <test-method signature="testLinks(java.lang.String)[pri:0, instance:com.vlocity.qe.WikipediaTest@32464a14]" started-at="2019-10-22T15:20:24Z" name="testLinks" data-provider="data-provider" finished-at="2019-10-22T15:20:25Z" duration-ms="499" status="PASS">
          <params>
            <param index="0">
              <value>
                <![CDATA[Polski]]>
              </value>
            </param>
          </params>
          <reporter-output>
          </reporter-output>
        </test-method> <!-- testLinks -->
        <test-method signature="testLinks(java.lang.String)[pri:0, instance:com.vlocity.qe.WikipediaTest@32464a14]" started-at="2019-10-22T15:20:25Z" name="testLinks" data-provider="data-provider" finished-at="2019-10-22T15:20:25Z" duration-ms="513" status="PASS">
          <params>
            <param index="0">
              <value>
                <![CDATA[中文]]>
              </value>
            </param>
          </params>
          <reporter-output>
          </reporter-output>
        </test-method> <!-- testLinks -->
        <test-method signature="testLinks(java.lang.String)[pri:0, instance:com.vlocity.qe.WikipediaTest@32464a14]" started-at="2019-10-22T15:20:25Z" name="testLinks" data-provider="data-provider" finished-at="2019-10-22T15:20:26Z" duration-ms="610" status="PASS">
          <params>
            <param index="0">
              <value>
                <![CDATA[Français]]>
              </value>
            </param>
          </params>
          <reporter-output>
          </reporter-output>
        </test-method> <!-- testLinks -->
        <test-method signature="testLinks(java.lang.String)[pri:0, instance:com.vlocity.qe.WikipediaTest@32464a14]" started-at="2019-10-22T15:20:26Z" name="testLinks" data-provider="data-provider" finished-at="2019-10-22T15:20:27Z" duration-ms="549" status="PASS">
          <params>
            <param index="0">
              <value>
                <![CDATA[Deutsch]]>
              </value>
            </param>
          </params>
          <reporter-output>
          </reporter-output>
        </test-method> <!-- testLinks -->
        <test-method signature="testLinks(java.lang.String)[pri:0, instance:com.vlocity.qe.WikipediaTest@32464a14]" started-at="2019-10-22T15:20:27Z" name="testLinks" data-provider="data-provider" finished-at="2019-10-22T15:20:27Z" duration-ms="526" status="PASS">
          <params>
            <param index="0">
              <value>
                <![CDATA[Español]]>
              </value>
            </param>
          </params>
          <reporter-output>
          </reporter-output>
        </test-method> <!-- testLinks -->
        <test-method is-config="true" signature="closeBrowser()[pri:0, instance:com.vlocity.qe.WikipediaTest@32464a14]" started-at="2019-10-22T15:20:27Z" name="closeBrowser" finished-at="2019-10-22T15:20:27Z" duration-ms="122" status="PASS">
          <reporter-output>
          </reporter-output>
        </test-method> <!-- closeBrowser -->
      </class> <!-- com.vlocity.qe.WikipediaTest -->
    </test> <!-- Selenium Take Home Test -->
  </suite> <!-- Selenium Take Home Test -->
</testng-results>
