<?xml version="1.0" encoding="UTF-8"?>
<testsuite xmlns:xsi="http://www.w3.org/2001/XMLSchema-instance" xsi:noNamespaceSchemaLocation="https://maven.apache.org/surefire/maven-surefire-plugin/xsd/surefire-test-report.xsd" name="TestSuite" time="13.236" tests="21" errors="0" skipped="0" failures="0">
  <properties>
[...]
</properties>
  <testcase name="sloganPresent" classname="com.vlocity.qe.WikipediaTest" time="0.126"/>
  <testcase name="testLanguage" classname="com.vlocity.qe.WikipediaTest" time="0.078"/>
  <testcase name="testLanguage" classname="com.vlocity.qe.WikipediaTest" time="0.079"/>
  <testcase name="testLanguage" classname="com.vlocity.qe.WikipediaTest" time="0.07"/>
  <testcase name="testLanguage" classname="com.vlocity.qe.WikipediaTest" time="0.104"/>
  <testcase name="testLanguage" classname="com.vlocity.qe.WikipediaTest" time="0.059"/>
  <testcase name="testLanguage" classname="com.vlocity.qe.WikipediaTest" time="0.05"/>
  <testcase name="testLanguage" classname="com.vlocity.qe.WikipediaTest" time="0.053"/>
  <testcase name="testLanguage" classname="com.vlocity.qe.WikipediaTest" time="0.069"/>
  <testcase name="testLanguage" classname="com.vlocity.qe.WikipediaTest" time="0.082"/>
  <testcase name="testLanguage" classname="com.vlocity.qe.WikipediaTest" time="0.061"/>
  <testcase name="testLinks" classname="com.vlocity.qe.WikipediaTest" time="0.914"/>
  <testcase name="testLinks" classname="com.vlocity.qe.WikipediaTest" time="0.592"/>
  <testcase name="testLinks" classname="com.vlocity.qe.WikipediaTest" time="0.595"/>
  <testcase name="testLinks" classname="com.vlocity.qe.WikipediaTest" time="0.504"/>
  <testcase name="testLinks" classname="com.vlocity.qe.WikipediaTest" time="0.493"/>
  <testcase name="testLinks" classname="com.vlocity.qe.WikipediaTest" time="0.499"/>
  <testcase name="testLinks" classname="com.vlocity.qe.WikipediaTest" time="0.512"/>
  <testcase name="testLinks" classname="com.vlocity.qe.WikipediaTest" time="0.611"/>
  <testcase name="testLinks" classname="com.vlocity.qe.WikipediaTest" time="0.549"/>
  <testcase name="testLinks" classname="com.vlocity.qe.WikipediaTest" time="0.528"/>
</testsuite>